2026-06-28 19:30:48,864 - INFO - character:78 - 成功获取 130 个角色 (频道ID: 25)
2026-06-28 19:30:48,864 - INFO - character:80 -   1. 桑多涅【预告】 (ID: 508841)
2026-06-28 19:30:48,864 - INFO - character:80 -   2. 洛恩 (ID: 508598)
2026-06-28 19:30:48,864 - INFO - character:80 -   3. 玛薇卡 (ID: 503613)
2026-06-28 19:30:48,864 - INFO - character:80 -   4. 班尼特 (ID: 105)
2026-06-28 19:30:48,865 - INFO - character:80 -   5. 香菱 (ID: 112)
2026-06-28 19:30:48,866 - INFO - character:380 - 开始爬取 118 个普通角色
2026-06-28 19:30:48,866 - INFO - character:384 - [1/118] 正在处理: 桑多涅【预告】 (ID: 508841)
2026-06-28 19:30:50,088 - WARNING - character:395 -   生成占位文档，文件名: [缺失]桑多涅【预告】
2026-06-28 19:30:51,771 - INFO - character:384 - [2/118] 正在处理: 洛恩 (ID: 508598)
2026-06-28 19:30:51,771 - INFO - character:387 -   跳过 (ID 508598 已爬取过)。
2026-06-28 19:30:51,771 - INFO - character:384 - [3/118] 正在处理: 玛薇卡 (ID: 503613)
2026-06-28 19:30:51,772 - INFO - character:387 -   跳过 (ID 503613 已爬取过)。
2026-06-28 19:30:51,772 - INFO - character:384 - [4/118] 正在处理: 班尼特 (ID: 105)
2026-06-28 19:30:51,772 - INFO - character:387 -   跳过 (ID 105 已爬取过)。
2026-06-28 19:30:51,772 - INFO - character:384 - [5/118] 正在处理: 香菱 (ID: 112)
2026-06-28 19:30:51,773 - INFO - character:387 -   跳过 (ID 112 已爬取过)。
2026-06-28 19:30:51,773 - INFO - character:384 - [6/118] 正在处理: 米卡 (ID: 6285)
2026-06-28 19:30:51,773 - INFO - character:387 -   跳过 (ID 6285 已爬取过)。
2026-06-28 19:30:51,773 - INFO - character:384 - [7/118] 正在处理: 尼可 (ID: 508596)
2026-06-28 19:30:51,773 - INFO - character:387 -   跳过 (ID 508596 已爬取过)。
2026-06-28 19:30:51,774 - INFO - character:384 - [8/118] 正在处理: 杜林 (ID: 507241)
2026-06-28 19:30:51,774 - INFO - character:387 -   跳过 (ID 507241 已爬取过)。
2026-06-28 19:30:51,774 - INFO - character:384 - [9/118] 正在处理: 布伦妮 (ID: 508597)
2026-06-28 19:30:51,774 - INFO - character:387 -   跳过 (ID 508597 已爬取过)。
2026-06-28 19:30:51,774 - INFO - character:384 - [10/118] 正在处理: 雷泽 (ID: 56)
2026-06-28 19:30:51,775 - INFO - character:387 -   跳过 (ID 56 已爬取过)。
2026-06-28 19:30:51,775 - INFO - character:384 - [11/118] 正在处理: 菲谢尔 (ID: 382)
2026-06-28 19:30:51,775 - INFO - character:387 -   跳过 (ID 382 已爬取过)。
2026-06-28 19:30:51,775 - INFO - character:384 - [12/118] 正在处理: 菈乌玛 (ID: 505973)
2026-06-28 19:30:51,776 - INFO - character:387 -   跳过 (ID 505973 已爬取过)。
2026-06-28 19:30:51,776 - INFO - character:384 - [13/118] 正在处理: 奈芙尔 (ID: 506676)
2026-06-28 19:30:51,776 - INFO - character:387 -   跳过 (ID 506676 已爬取过)。
2026-06-28 19:30:51,776 - INFO - character:384 - [14/118] 正在处理: 艾梅莉埃 (ID: 501441)
2026-06-28 19:30:51,776 - INFO - character:387 -   跳过 (ID 501441 已爬取过)。
2026-06-28 19:30:51,776 - INFO - character:384 - [15/118] 正在处理: 克洛琳德 (ID: 501213)
2026-06-28 19:30:51,777 - INFO - character:387 -   跳过 (ID 501213 已爬取过)。
2026-06-28 19:30:51,777 - INFO - character:384 - [16/118] 正在处理: 希格雯 (ID: 501214)
2026-06-28 19:30:51,777 - INFO - character:387 -   跳过 (ID 501214 已爬取过)。
2026-06-28 19:30:51,777 - INFO - character:384 - [17/118] 正在处理: 娜维娅 (ID: 500419)
2026-06-28 19:30:51,778 - INFO - character:387 -   跳过 (ID 500419 已爬取过)。
2026-06-28 19:30:51,778 - INFO - character:384 - [18/118] 正在处理: 林尼 (ID: 6937)
2026-06-28 19:30:51,778 - INFO - character:387 -   跳过 (ID 6937 已爬取过)。
2026-06-28 19:30:51,778 - INFO - character:384 - [19/118] 正在处理: 雅珂达 (ID: 507287)
2026-06-28 19:30:51,778 - INFO - character:387 -   跳过 (ID 507287 已爬取过)。
2026-06-28 19:30:51,779 - INFO - character:384 - [20/118] 正在处理: 行秋 (ID: 241)
2026-06-28 19:30:51,779 - INFO - character:387 -   跳过 (ID 241 已爬取过)。
2026-06-28 19:30:51,779 - INFO - character:384 - [21/118] 正在处理: 绮良良 (ID: 6594)
2026-06-28 19:30:51,779 - INFO - character:387 -   跳过 (ID 6594 已爬取过)。
2026-06-28 19:30:51,779 - INFO - character:384 - [22/118] 正在处理: 莉奈娅 (ID: 508198)
2026-06-28 19:30:51,780 - INFO - character:387 -   跳过 (ID 508198 已爬取过)。
2026-06-28 19:30:51,780 - INFO - character:384 - [23/118] 正在处理: 恰斯卡 (ID: 502928)
2026-06-28 19:30:51,780 - INFO - character:387 -   跳过 (ID 502928 已爬取过)。
2026-06-28 19:30:51,780 - INFO - character:384 - [24/118] 正在处理: 诺艾尔 (ID: 111)
2026-06-28 19:30:51,780 - INFO - character:387 -   跳过 (ID 111 已爬取过)。
2026-06-28 19:30:51,780 - INFO - character:384 - [25/118] 正在处理: 爱诺 (ID: 505972)
2026-06-28 19:30:51,782 - INFO - character:387 -   跳过 (ID 505972 已爬取过)。
2026-06-28 19:30:51,782 - INFO - character:384 - [26/118] 正在处理: 叶洛亚 (ID: 507504)
2026-06-28 19:30:51,782 - INFO - character:387 -   跳过 (ID 507504 已爬取过)。
2026-06-28 19:30:51,782 - INFO - character:384 - [27/118] 正在处理: 丝柯克 (ID: 505417)
2026-06-28 19:30:51,783 - INFO - character:387 -   跳过 (ID 505417 已爬取过)。
2026-06-28 19:30:51,783 - INFO - character:384 - [28/118] 正在处理: 爱可菲 (ID: 504976)
2026-06-28 19:30:51,783 - INFO - character:387 -   跳过 (ID 504976 已爬取过)。
2026-06-28 19:30:51,783 - INFO - character:384 - [29/118] 正在处理: 塔利雅 (ID: 505418)
2026-06-28 19:30:51,784 - INFO - character:387 -   跳过 (ID 505418 已爬取过)。
2026-06-28 19:30:51,784 - INFO - character:384 - [30/118] 正在处理: 坎蒂丝 (ID: 4781)
2026-06-28 19:30:51,784 - INFO - character:387 -   跳过 (ID 4781 已爬取过)。
2026-06-28 19:30:51,784 - INFO - character:384 - [31/118] 正在处理: 夏洛蒂 (ID: 500292)
2026-06-28 19:30:51,785 - INFO - character:387 -   跳过 (ID 500292 已爬取过)。
2026-06-28 19:30:51,785 - INFO - character:384 - [32/118] 正在处理: 法尔伽 (ID: 507995)
2026-06-28 19:30:51,785 - INFO - character:387 -   跳过 (ID 507995 已爬取过)。
2026-06-28 19:30:51,785 - INFO - character:384 - [33/118] 正在处理: 菲林斯 (ID: 505971)
2026-06-28 19:30:51,786 - INFO - character:387 -   跳过 (ID 505971 已爬取过)。
2026-06-28 19:30:51,786 - INFO - character:384 - [34/118] 正在处理: 优菈 (ID: 2040)
2026-06-28 19:30:51,786 - INFO - character:387 -   跳过 (ID 2040 已爬取过)。
2026-06-28 19:30:51,787 - INFO - character:384 - [35/118] 正在处理: 莫娜 (ID: 1057)
2026-06-28 19:30:51,787 - INFO - character:387 -   跳过 (ID 1057 已爬取过)。
2026-06-28 19:30:51,787 - INFO - character:384 - [36/118] 正在处理: 阿贝多 (ID: 1360)
2026-06-28 19:30:51,787 - INFO - character:387 -   跳过 (ID 1360 已爬取过)。
2026-06-28 19:30:51,787 - INFO - character:384 - [37/118] 正在处理: 可莉 (ID: 55)
2026-06-28 19:30:51,788 - INFO - character:387 -   跳过 (ID 55 已爬取过)。
2026-06-28 19:30:51,788 - INFO - character:384 - [38/118] 正在处理: 迪卢克 (ID: 75)
2026-06-28 19:30:51,788 - INFO - character:387 -   跳过 (ID 75 已爬取过)。
2026-06-28 19:30:51,788 - INFO - character:384 - [39/118] 正在处理: 琴 (ID: 59)
2026-06-28 19:30:51,789 - INFO - character:387 -   跳过 (ID 59 已爬取过)。
2026-06-28 19:30:51,789 - INFO - character:384 - [40/118] 正在处理: 砂糖 (ID: 1055)
2026-06-28 19:30:51,789 - INFO - character:387 -   跳过 (ID 1055 已爬取过)。
2026-06-28 19:30:51,789 - INFO - character:384 - [41/118] 正在处理: 兹白 (ID: 507503)
2026-06-28 19:30:51,790 - INFO - character:387 -   跳过 (ID 507503 已爬取过)。
2026-06-28 19:30:51,790 - INFO - character:384 - [42/118] 正在处理: 那维莱特 (ID: 500207)
2026-06-28 19:30:51,790 - INFO - character:387 -   跳过 (ID 500207 已爬取过)。
2026-06-28 19:30:51,790 - INFO - character:384 - [43/118] 正在处理: 五郎 (ID: 3275)
2026-06-28 19:30:51,791 - INFO - character:387 -   跳过 (ID 3275 已爬取过)。
2026-06-28 19:30:51,791 - INFO - character:384 - [44/118] 正在处理: 哥伦比娅 (ID: 507505)
2026-06-28 19:30:51,791 - INFO - character:387 -   跳过 (ID 507505 已爬取过)。
2026-06-28 19:30:51,791 - INFO - character:384 - [45/118] 正在处理: 伊涅芙 (ID: 505631)
2026-06-28 19:30:51,792 - INFO - character:387 -   跳过 (ID 505631 已爬取过)。
2026-06-28 19:30:51,792 - INFO - character:384 - [46/118] 正在处理: 伊法 (ID: 504977)
2026-06-28 19:30:51,792 - INFO - character:387 -   跳过 (ID 504977 已爬取过)。
2026-06-28 19:30:51,792 - INFO - character:384 - [47/118] 正在处理: 赛索斯 (ID: 501212)
2026-06-28 19:30:51,793 - INFO - character:387 -   跳过 (ID 501212 已爬取过)。
2026-06-28 19:30:51,793 - INFO - character:384 - [48/118] 正在处理: 奇偶·男性 (ID: 506960)
2026-06-28 19:30:53,029 - WARNING - character:395 -   生成占位文档，文件名: [缺失]奇偶·男性
2026-06-28 19:30:54,116 - INFO - character:384 - [49/118] 正在处理: 奇偶·女性 (ID: 506961)
2026-06-28 19:30:55,344 - WARNING - character:395 -   生成占位文档，文件名: [缺失]奇偶·女性
2026-06-28 19:30:56,596 - INFO - character:384 - [50/118] 正在处理: 芙宁娜 (ID: 500291)
2026-06-28 19:30:56,597 - INFO - character:387 -   跳过 (ID 500291 已爬取过)。
2026-06-28 19:30:56,597 - INFO - character:384 - [51/118] 正在处理: 纳西妲 (ID: 5111)
2026-06-28 19:30:56,597 - INFO - character:387 -   跳过 (ID 5111 已爬取过)。
2026-06-28 19:30:56,597 - INFO - character:384 - [52/118] 正在处理: 妮露 (ID: 5020)
2026-06-28 19:30:56,598 - INFO - character:387 -   跳过 (ID 5020 已爬取过)。
2026-06-28 19:30:56,598 - INFO - character:384 - [53/118] 正在处理: 艾尔海森 (ID: 5865)
2026-06-28 19:30:56,598 - INFO - character:387 -   跳过 (ID 5865 已爬取过)。
2026-06-28 19:30:56,598 - INFO - character:384 - [54/118] 正在处理: 赛诺 (ID: 4780)
2026-06-28 19:30:56,599 - INFO - character:387 -   跳过 (ID 4780 已爬取过)。
2026-06-28 19:30:56,599 - INFO - character:384 - [55/118] 正在处理: 流浪者 (ID: 5494)
2026-06-28 19:30:56,599 - INFO - character:387 -   跳过 (ID 5494 已爬取过)。
2026-06-28 19:30:56,599 - INFO - character:384 - [56/118] 正在处理: 提纳里 (ID: 4334)
2026-06-28 19:30:56,600 - INFO - character:387 -   跳过 (ID 4334 已爬取过)。
2026-06-28 19:30:56,600 - INFO - character:384 - [57/118] 正在处理: 迪希雅 (ID: 6180)
2026-06-28 19:30:56,600 - INFO - character:387 -   跳过 (ID 6180 已爬取过)。
2026-06-28 19:30:56,600 - INFO - character:384 - [58/118] 正在处理: 玛拉妮 (ID: 501625)
2026-06-28 19:30:56,600 - INFO - character:387 -   跳过 (ID 501625 已爬取过)。
2026-06-28 19:30:56,601 - INFO - character:384 - [59/118] 正在处理: 欧洛伦 (ID: 502927)
2026-06-28 19:30:56,601 - INFO - character:387 -   跳过 (ID 502927 已爬取过)。
2026-06-28 19:30:56,601 - INFO - character:384 - [60/118] 正在处理: 茜特菈莉 (ID: 503612)
2026-06-28 19:30:56,601 - INFO - character:387 -   跳过 (ID 503612 已爬取过)。
2026-06-28 19:30:56,601 - INFO - character:384 - [61/118] 正在处理: 伊安珊 (ID: 504621)
2026-06-28 19:30:56,602 - INFO - character:387 -   跳过 (ID 504621 已爬取过)。
2026-06-28 19:30:56,602 - INFO - character:384 - [62/118] 正在处理: 瑶瑶 (ID: 5866)
2026-06-28 19:30:56,602 - INFO - character:387 -   跳过 (ID 5866 已爬取过)。
2026-06-28 19:30:56,602 - INFO - character:384 - [63/118] 正在处理: 申鹤 (ID: 3386)
2026-06-28 19:30:56,602 - INFO - character:387 -   跳过 (ID 3386 已爬取过)。
2026-06-28 19:30:56,603 - INFO - character:384 - [64/118] 正在处理: 迪奥娜 (ID: 1221)
2026-06-28 19:30:56,603 - INFO - character:387 -   跳过 (ID 1221 已爬取过)。
2026-06-28 19:30:56,603 - INFO - character:384 - [65/118] 正在处理: 基尼奇 (ID: 501624)
2026-06-28 19:30:56,603 - INFO - character:387 -   跳过 (ID 501624 已爬取过)。
2026-06-28 19:30:56,603 - INFO - character:384 - [66/118] 正在处理: 雷电将军 (ID: 2404)
2026-06-28 19:30:56,604 - INFO - character:387 -   跳过 (ID 2404 已爬取过)。
2026-06-28 19:30:56,604 - INFO - character:384 - [67/118] 正在处理: 神里绫华 (ID: 2123)
2026-06-28 19:30:56,604 - INFO - character:387 -   跳过 (ID 2123 已爬取过)。
2026-06-28 19:30:56,604 - INFO - character:384 - [68/118] 正在处理: 神里绫人 (ID: 3875)
2026-06-28 19:30:56,605 - INFO - character:387 -   跳过 (ID 3875 已爬取过)。
2026-06-28 19:30:56,605 - INFO - character:384 - [69/118] 正在处理: 珐露珊 (ID: 5493)
2026-06-28 19:30:56,605 - INFO - character:387 -   跳过 (ID 5493 已爬取过)。
2026-06-28 19:30:56,605 - INFO - character:384 - [70/118] 正在处理: 千织 (ID: 500987)
2026-06-28 19:30:56,606 - INFO - character:387 -   跳过 (ID 500987 已爬取过)。
2026-06-28 19:30:56,606 - INFO - character:384 - [71/118] 正在处理: 八重神子 (ID: 3564)
2026-06-28 19:30:56,606 - INFO - character:387 -   跳过 (ID 3564 已爬取过)。
2026-06-28 19:30:56,606 - INFO - character:384 - [72/118] 正在处理: 荒泷一斗 (ID: 3276)
2026-06-28 19:30:56,607 - INFO - character:387 -   跳过 (ID 3276 已爬取过)。
2026-06-28 19:30:56,607 - INFO - character:384 - [73/118] 正在处理: 宵宫 (ID: 2124)
2026-06-28 19:30:56,607 - INFO - character:387 -   跳过 (ID 2124 已爬取过)。
2026-06-28 19:30:56,607 - INFO - character:384 - [74/118] 正在处理: 琳妮特 (ID: 6938)
2026-06-28 19:30:56,607 - INFO - character:387 -   跳过 (ID 6938 已爬取过)。
2026-06-28 19:30:56,608 - INFO - character:384 - [75/118] 正在处理: 九条裟罗 (ID: 2402)
2026-06-28 19:30:56,608 - INFO - character:387 -   跳过 (ID 2402 已爬取过)。
2026-06-28 19:30:56,608 - INFO - character:384 - [76/118] 正在处理: 托马 (ID: 2606)
2026-06-28 19:30:56,609 - INFO - character:387 -   跳过 (ID 2606 已爬取过)。
2026-06-28 19:30:56,609 - INFO - character:384 - [77/118] 正在处理: 莱依拉 (ID: 5297)
2026-06-28 19:30:56,609 - INFO - character:387 -   跳过 (ID 5297 已爬取过)。
2026-06-28 19:30:56,609 - INFO - character:384 - [78/118] 正在处理: 希诺宁 (ID: 502306)
2026-06-28 19:30:56,609 - INFO - character:387 -   跳过 (ID 502306 已爬取过)。
2026-06-28 19:30:56,610 - INFO - character:384 - [79/118] 正在处理: 温迪 (ID: 57)
2026-06-28 19:30:56,610 - INFO - character:387 -   跳过 (ID 57 已爬取过)。
2026-06-28 19:30:56,610 - INFO - character:384 - [80/118] 正在处理: 烟绯 (ID: 1795)
2026-06-28 19:30:56,611 - INFO - character:387 -   跳过 (ID 1795 已爬取过)。
2026-06-28 19:30:56,611 - INFO - character:384 - [81/118] 正在处理: 闲云 (ID: 500673)
2026-06-28 19:30:56,611 - INFO - character:387 -   跳过 (ID 500673 已爬取过)。
2026-06-28 19:30:56,611 - INFO - character:384 - [82/118] 正在处理: 北斗 (ID: 79)
2026-06-28 19:30:56,612 - INFO - character:387 -   跳过 (ID 79 已爬取过)。
2026-06-28 19:30:56,612 - INFO - character:384 - [83/118] 正在处理: 瓦雷莎 (ID: 504570)
2026-06-28 19:30:56,612 - INFO - character:387 -   跳过 (ID 504570 已爬取过)。
2026-06-28 19:30:56,612 - INFO - character:384 - [84/118] 正在处理: 夏沃蕾 (ID: 500605)
2026-06-28 19:30:56,613 - INFO - character:387 -   跳过 (ID 500605 已爬取过)。
2026-06-28 19:30:56,613 - INFO - character:384 - [85/118] 正在处理: 嘉明 (ID: 500672)
2026-06-28 19:30:56,613 - INFO - character:387 -   跳过 (ID 500672 已爬取过)。
2026-06-28 19:30:56,613 - INFO - character:384 - [86/118] 正在处理: 莱欧斯利 (ID: 500286)
2026-06-28 19:30:56,614 - INFO - character:387 -   跳过 (ID 500286 已爬取过)。
2026-06-28 19:30:56,614 - INFO - character:384 - [87/118] 正在处理: 蓝砚 (ID: 503614)
2026-06-28 19:30:56,614 - INFO - character:387 -   跳过 (ID 503614 已爬取过)。
2026-06-28 19:30:56,614 - INFO - character:384 - [88/118] 正在处理: 梦见月瑞希 (ID: 504440)
2026-06-28 19:30:56,615 - INFO - character:387 -   跳过 (ID 504440 已爬取过)。
2026-06-28 19:30:56,615 - INFO - character:384 - [89/118] 正在处理: 阿蕾奇诺 (ID: 501157)
2026-06-28 19:30:56,615 - INFO - character:387 -   跳过 (ID 501157 已爬取过)。
2026-06-28 19:30:56,615 - INFO - character:384 - [90/118] 正在处理: 白术 (ID: 6489)
2026-06-28 19:30:56,615 - INFO - character:387 -   跳过 (ID 6489 已爬取过)。
2026-06-28 19:30:56,616 - INFO - character:384 - [91/118] 正在处理: 刻晴 (ID: 1058)
2026-06-28 19:30:56,616 - INFO - character:387 -   跳过 (ID 1058 已爬取过)。
2026-06-28 19:30:56,616 - INFO - character:384 - [92/118] 正在处理: 甘雨 (ID: 1433)
2026-06-28 19:30:56,617 - INFO - character:387 -   跳过 (ID 1433 已爬取过)。
2026-06-28 19:30:56,617 - INFO - character:384 - [93/118] 正在处理: 七七 (ID: 1056)
2026-06-28 19:30:56,617 - INFO - character:387 -   跳过 (ID 1056 已爬取过)。
2026-06-28 19:30:56,617 - INFO - character:384 - [94/118] 正在处理: 魈 (ID: 1498)
2026-06-28 19:30:56,618 - INFO - character:387 -   跳过 (ID 1498 已爬取过)。
2026-06-28 19:30:56,618 - INFO - character:384 - [95/118] 正在处理: 达达利亚 (ID: 1220)
2026-06-28 19:30:56,618 - INFO - character:387 -   跳过 (ID 1220 已爬取过)。
2026-06-28 19:30:56,618 - INFO - character:384 - [96/118] 正在处理: 钟离 (ID: 1290)
2026-06-28 19:30:56,619 - INFO - character:387 -   跳过 (ID 1290 已爬取过)。
2026-06-28 19:30:56,619 - INFO - character:384 - [97/118] 正在处理: 胡桃 (ID: 1627)
2026-06-28 19:30:56,619 - INFO - character:387 -   跳过 (ID 1627 已爬取过)。
2026-06-28 19:30:56,619 - INFO - character:384 - [98/118] 正在处理: 卡齐娜 (ID: 501626)
2026-06-28 19:30:56,619 - INFO - character:387 -   跳过 (ID 501626 已爬取过)。
2026-06-28 19:30:56,620 - INFO - character:384 - [99/118] 正在处理: 枫原万叶 (ID: 2142)
2026-06-28 19:30:56,620 - INFO - character:387 -   跳过 (ID 2142 已爬取过)。
2026-06-28 19:30:56,620 - INFO - character:384 - [100/118] 正在处理: 夜兰 (ID: 4081)
2026-06-28 19:30:56,620 - INFO - character:387 -   跳过 (ID 4081 已爬取过)。
2026-06-28 19:30:56,620 - INFO - character:384 - [101/118] 正在处理: 珊瑚宫心海 (ID: 2403)
2026-06-28 19:30:56,621 - INFO - character:387 -   跳过 (ID 2403 已爬取过)。
2026-06-28 19:30:56,621 - INFO - character:384 - [102/118] 正在处理: 菲米尼 (ID: 7257)
2026-06-28 19:30:56,621 - INFO - character:387 -   跳过 (ID 7257 已爬取过)。
2026-06-28 19:30:56,621 - INFO - character:384 - [103/118] 正在处理: 罗莎莉亚 (ID: 1744)
2026-06-28 19:30:56,622 - INFO - character:387 -   跳过 (ID 1744 已爬取过)。
2026-06-28 19:30:56,622 - INFO - character:384 - [104/118] 正在处理: 卡维 (ID: 6490)
2026-06-28 19:30:56,622 - INFO - character:387 -   跳过 (ID 6490 已爬取过)。
2026-06-28 19:30:56,622 - INFO - character:384 - [105/118] 正在处理: 多莉 (ID: 4736)
2026-06-28 19:30:56,623 - INFO - character:387 -   跳过 (ID 4736 已爬取过)。
2026-06-28 19:30:56,623 - INFO - character:384 - [106/118] 正在处理: 柯莱 (ID: 4333)
2026-06-28 19:30:56,623 - INFO - character:387 -   跳过 (ID 4333 已爬取过)。
2026-06-28 19:30:56,623 - INFO - character:384 - [107/118] 正在处理: 鹿野院平藏 (ID: 4197)
2026-06-28 19:30:56,624 - INFO - character:387 -   跳过 (ID 4197 已爬取过)。
2026-06-28 19:30:56,624 - INFO - character:384 - [108/118] 正在处理: 云堇 (ID: 3387)
2026-06-28 19:30:56,624 - INFO - character:387 -   跳过 (ID 3387 已爬取过)。
2026-06-28 19:30:56,624 - INFO - character:384 - [109/118] 正在处理: 凝光 (ID: 78)
2026-06-28 19:30:56,625 - INFO - character:387 -   跳过 (ID 78 已爬取过)。
2026-06-28 19:30:56,625 - INFO - character:384 - [110/118] 正在处理: 久岐忍 (ID: 4148)
2026-06-28 19:30:56,625 - INFO - character:387 -   跳过 (ID 4148 已爬取过)。
2026-06-28 19:30:56,625 - INFO - character:384 - [111/118] 正在处理: 早柚 (ID: 2125)
2026-06-28 19:30:56,626 - INFO - character:387 -   跳过 (ID 2125 已爬取过)。
2026-06-28 19:30:56,626 - INFO - character:384 - [112/118] 正在处理: 重云 (ID: 644)
2026-06-28 19:30:56,626 - INFO - character:387 -   跳过 (ID 644 已爬取过)。
2026-06-28 19:30:56,626 - INFO - character:384 - [113/118] 正在处理: 丽莎 (ID: 92)
2026-06-28 19:30:56,627 - INFO - character:387 -   跳过 (ID 92 已爬取过)。
2026-06-28 19:30:56,627 - INFO - character:384 - [114/118] 正在处理: 辛焱 (ID: 1291)
2026-06-28 19:30:56,627 - INFO - character:387 -   跳过 (ID 1291 已爬取过)。
2026-06-28 19:30:56,627 - INFO - character:384 - [115/118] 正在处理: 凯亚 (ID: 76)
2026-06-28 19:30:56,628 - INFO - character:387 -   跳过 (ID 76 已爬取过)。
2026-06-28 19:30:56,628 - INFO - character:384 - [116/118] 正在处理: 芭芭拉 (ID: 61)
2026-06-28 19:30:56,628 - INFO - character:387 -   跳过 (ID 61 已爬取过)。
2026-06-28 19:30:56,628 - INFO - character:384 - [117/118] 正在处理: 安柏 (ID: 54)
2026-06-28 19:30:56,629 - INFO - character:387 -   跳过 (ID 54 已爬取过)。
2026-06-28 19:30:56,629 - INFO - character:384 - [118/118] 正在处理: 埃洛伊 (ID: 2415)
2026-06-28 19:30:56,629 - INFO - character:387 -   跳过 (ID 2415 已爬取过)。
2026-06-28 19:30:56,629 - INFO - character:410 - 开始处理旅行者（共 12 个形态）
2026-06-28 19:30:57,592 - INFO - character:78 - 成功获取 130 个角色 (频道ID: 25)
2026-06-28 19:30:57,592 - INFO - character:80 -   1. 桑多涅【预告】 (ID: 508841)
2026-06-28 19:30:57,592 - INFO - character:80 -   2. 洛恩 (ID: 508598)
2026-06-28 19:30:57,593 - INFO - character:80 -   3. 玛薇卡 (ID: 503613)
2026-06-28 19:30:57,593 - INFO - character:80 -   4. 班尼特 (ID: 105)
2026-06-28 19:30:57,593 - INFO - character:80 -   5. 香菱 (ID: 112)
2026-06-28 19:30:57,594 - INFO - character:320 - 使用 旅行者·火  (ID: 4073) 获取基础信息和角色描述
2026-06-28 19:30:58,855 - INFO - character:333 - 从特殊 ID 505527 获取配音展示
2026-06-28 19:31:00,563 - INFO - character:420 - 旅行者已爬取过，跳过
2026-06-28 19:31:00,564 - INFO - character:433 - 爬取报告已保存至 logs\character_report.json
2026-06-28 19:31:00,564 - INFO - character:437 - 角色模块测试完成！
