2026-06-28 19:23:31,137 - INFO - task:78 - 成功获取 984 个任务 (频道ID: 43)
2026-06-28 19:23:31,137 - INFO - task:80 -   1. 斑斓色彩在盘中！ (ID: 508907)
2026-06-28 19:23:31,137 - INFO - task:80 -   2. 斑斓色彩不许逃！ (ID: 508908)
2026-06-28 19:23:31,137 - INFO - task:80 -   3. 狡兔之章 第一幕「骑士之铭」 (ID: 508894)
2026-06-28 19:23:31,139 - INFO - task:80 -   4. 魔女的课业·诸敌之题 (ID: 508890)
2026-06-28 19:23:31,139 - INFO - task:80 -   5. 赛事终场，冠军落定 (ID: 508888)
2026-06-28 19:23:31,140 - INFO - task:328 - [1/984] 正在处理: 斑斓色彩在盘中！ (ID: 508907)
2026-06-28 19:23:31,141 - INFO - task:331 -   跳过 (ID 508907 已爬取过)。
2026-06-28 19:23:31,141 - INFO - task:328 - [2/984] 正在处理: 斑斓色彩不许逃！ (ID: 508908)
2026-06-28 19:23:31,141 - INFO - task:331 -   跳过 (ID 508908 已爬取过)。
2026-06-28 19:23:31,141 - INFO - task:328 - [3/984] 正在处理: 狡兔之章 第一幕「骑士之铭」 (ID: 508894)
2026-06-28 19:23:31,142 - INFO - task:331 -   跳过 (ID 508894 已爬取过)。
2026-06-28 19:23:31,142 - INFO - task:328 - [4/984] 正在处理: 魔女的课业·诸敌之题 (ID: 508890)
2026-06-28 19:23:31,142 - INFO - task:331 -   跳过 (ID 508890 已爬取过)。
2026-06-28 19:23:31,142 - INFO - task:328 - [5/984] 正在处理: 赛事终场，冠军落定 (ID: 508888)
2026-06-28 19:23:31,143 - INFO - task:331 -   跳过 (ID 508888 已爬取过)。
2026-06-28 19:23:31,143 - INFO - task:328 - [6/984] 正在处理: 「有限制冷静格斗赛」 (ID: 508887)
2026-06-28 19:23:31,143 - INFO - task:331 -   跳过 (ID 508887 已爬取过)。
2026-06-28 19:23:31,143 - INFO - task:328 - [7/984] 正在处理: 空月之歌 第十幕「虚空劫灰往世书」 (ID: 508783)
2026-06-28 19:23:31,143 - INFO - task:331 -   跳过 (ID 508783 已爬取过)。
2026-06-28 19:23:31,143 - INFO - task:328 - [8/984] 正在处理: 空月之歌 第十幕「道成千壑，因果异灭」 (ID: 508772)
2026-06-28 19:23:31,144 - INFO - task:331 -   跳过 (ID 508772 已爬取过)。
2026-06-28 19:23:31,144 - INFO - task:328 - [9/984] 正在处理: 幻友绮旅 其三「永不失效的魔法」 (ID: 508770)
2026-06-28 19:23:31,144 - INFO - task:331 -   跳过 (ID 508770 已爬取过)。
2026-06-28 19:23:31,144 - INFO - task:328 - [10/984] 正在处理: 幻友绮旅 其二「若你遗忘梦的入口」 (ID: 508769)
2026-06-28 19:23:31,144 - INFO - task:331 -   跳过 (ID 508769 已爬取过)。
2026-06-28 19:23:31,144 - INFO - task:328 - [11/984] 正在处理: 幻友绮旅 其一「野林猪与小魔女」 (ID: 508767)
2026-06-28 19:23:31,145 - INFO - task:331 -   跳过 (ID 508767 已爬取过)。
2026-06-28 19:23:31,145 - INFO - task:328 - [12/984] 正在处理: 魔女的课业·导引之职…？？ (ID: 508714)
2026-06-28 19:23:31,145 - INFO - task:331 -   跳过 (ID 508714 已爬取过)。
2026-06-28 19:23:31,145 - INFO - task:328 - [13/984] 正在处理: 空月之歌 第九幕「身土坏空，五蕴识转」 (ID: 508722)
2026-06-28 19:23:31,145 - INFO - task:331 -   跳过 (ID 508722 已爬取过)。
2026-06-28 19:23:31,145 - INFO - task:328 - [14/984] 正在处理: 魔女的课业·辩驳之题 (ID: 508715)
2026-06-28 19:23:31,146 - INFO - task:331 -   跳过 (ID 508715 已爬取过)。
2026-06-28 19:23:31,146 - INFO - task:328 - [15/984] 正在处理: 胜过白银与精金 (ID: 508721)
2026-06-28 19:23:31,146 - INFO - task:331 -   跳过 (ID 508721 已爬取过)。
2026-06-28 19:23:31,146 - INFO - task:328 - [16/984] 正在处理: 大众化的结局构想 (ID: 508632)
2026-06-28 19:23:31,147 - INFO - task:331 -   跳过 (ID 508632 已爬取过)。
2026-06-28 19:23:31,147 - INFO - task:328 - [17/984] 正在处理: 激烈的开端理论 (ID: 508631)
2026-06-28 19:23:31,147 - INFO - task:331 -   跳过 (ID 508631 已爬取过)。
2026-06-28 19:23:31,147 - INFO - task:328 - [18/984] 正在处理: 礁与浪的相逢 其三「留给孩子们的『玩具』」 (ID: 508561)
2026-06-28 19:23:31,148 - INFO - task:331 -   跳过 (ID 508561 已爬取过)。
2026-06-28 19:23:31,148 - INFO - task:328 - [19/984] 正在处理: 返乡吧，来自沙漠的孩子们 (ID: 508520)
2026-06-28 19:23:31,148 - INFO - task:331 -   跳过 (ID 508520 已爬取过)。
2026-06-28 19:23:31,148 - INFO - task:328 - [20/984] 正在处理: 礁与浪的相逢 其二「枪弹与丝线的合围」 (ID: 508519)
2026-06-28 19:23:31,149 - INFO - task:331 -   跳过 (ID 508519 已爬取过)。
2026-06-28 19:23:31,149 - INFO - task:395 - 所有任务均已完整爬取，无缺失
2026-06-28 19:23:31,150 - INFO - task:402 - 爬取报告已保存至 logs\crawl_report.json
2026-06-28 19:23:31,150 - INFO - task:406 - 任务模块测试完成！
2026-06-28 19:23:56,829 - INFO - task:78 - 成功获取 984 个任务 (频道ID: 43)
2026-06-28 19:23:56,829 - INFO - task:80 -   1. 斑斓色彩在盘中！ (ID: 508907)
2026-06-28 19:23:56,829 - INFO - task:80 -   2. 斑斓色彩不许逃！ (ID: 508908)
2026-06-28 19:23:56,829 - INFO - task:80 -   3. 狡兔之章 第一幕「骑士之铭」 (ID: 508894)
2026-06-28 19:23:56,829 - INFO - task:80 -   4. 魔女的课业·诸敌之题 (ID: 508890)
2026-06-28 19:23:56,830 - INFO - task:80 -   5. 赛事终场，冠军落定 (ID: 508888)
2026-06-28 19:23:56,831 - INFO - task:328 - [1/984] 正在处理: 斑斓色彩在盘中！ (ID: 508907)
2026-06-28 19:23:58,011 - INFO - task:362 -   发现 1 个子任务
2026-06-28 19:23:58,015 - INFO - task:382 -     已保存子任务: 斑斓色彩在盘中！_斑斓色彩在盘中！
2026-06-28 19:23:58,019 - INFO - task:387 -   任务 斑斓色彩在盘中！ 处理完成
2026-06-28 19:23:59,061 - INFO - task:328 - [2/984] 正在处理: 斑斓色彩不许逃！ (ID: 508908)
2026-06-28 19:24:00,326 - INFO - task:362 -   发现 1 个子任务
2026-06-28 19:24:00,330 - INFO - task:382 -     已保存子任务: 斑斓色彩不许逃！_斑斓色彩不许逃！
2026-06-28 19:24:00,332 - INFO - task:387 -   任务 斑斓色彩不许逃！ 处理完成
2026-06-28 19:24:01,345 - INFO - task:328 - [3/984] 正在处理: 狡兔之章 第一幕「骑士之铭」 (ID: 508894)
2026-06-28 19:24:02,742 - INFO - task:362 -   发现 3 个子任务
2026-06-28 19:24:02,759 - INFO - task:382 -     已保存子任务: 狡兔之章 第一幕「骑士之铭」_骑士之勋绩
2026-06-28 19:24:02,768 - INFO - task:382 -     已保存子任务: 狡兔之章 第一幕「骑士之铭」_骑士之追缉
2026-06-28 19:24:02,778 - INFO - task:382 -     已保存子任务: 狡兔之章 第一幕「骑士之铭」_骑士之决意
2026-06-28 19:24:02,779 - INFO - task:387 -   任务 狡兔之章 第一幕「骑士之铭」 处理完成
2026-06-28 19:24:03,997 - INFO - task:328 - [4/984] 正在处理: 魔女的课业·诸敌之题 (ID: 508890)
2026-06-28 19:24:05,189 - INFO - task:362 -   发现 1 个子任务
2026-06-28 19:24:05,195 - INFO - task:382 -     已保存子任务: 魔女的课业·诸敌之题_强大的象征
2026-06-28 19:24:05,196 - INFO - task:387 -   任务 魔女的课业·诸敌之题 处理完成
2026-06-28 19:24:06,966 - INFO - task:328 - [5/984] 正在处理: 赛事终场，冠军落定 (ID: 508888)
2026-06-28 19:24:08,239 - INFO - task:362 -   发现 1 个子任务
2026-06-28 19:24:08,245 - INFO - task:382 -     已保存子任务: 赛事终场，冠军落定_赛事终场，冠军落定
2026-06-28 19:24:08,246 - INFO - task:387 -   任务 赛事终场，冠军落定 处理完成
2026-06-28 19:24:09,702 - INFO - task:328 - [6/984] 正在处理: 「有限制冷静格斗赛」 (ID: 508887)
2026-06-28 19:24:10,947 - INFO - task:362 -   发现 1 个子任务
2026-06-28 19:24:10,952 - INFO - task:382 -     已保存子任务: 「有限制冷静格斗赛」_「有限制冷静格斗赛」
2026-06-28 19:24:10,953 - INFO - task:387 -   任务 「有限制冷静格斗赛」 处理完成
2026-06-28 19:24:12,058 - INFO - task:328 - [7/984] 正在处理: 空月之歌 第十幕「虚空劫灰往世书」 (ID: 508783)
2026-06-28 19:24:13,360 - INFO - task:362 -   发现 4 个子任务
2026-06-28 19:24:13,364 - INFO - task:382 -     已保存子任务: 空月之歌 第十幕「虚空劫灰往世书」_一
2026-06-28 19:24:13,374 - INFO - task:382 -     已保存子任务: 空月之歌 第十幕「虚空劫灰往世书」_二
2026-06-28 19:24:13,385 - INFO - task:382 -     已保存子任务: 空月之歌 第十幕「虚空劫灰往世书」_三
2026-06-28 19:24:13,395 - INFO - task:382 -     已保存子任务: 空月之歌 第十幕「虚空劫灰往世书」_四
2026-06-28 19:24:13,396 - INFO - task:387 -   任务 空月之歌 第十幕「虚空劫灰往世书」 处理完成
2026-06-28 19:24:15,286 - INFO - task:328 - [8/984] 正在处理: 空月之歌 第十幕「道成千壑，因果异灭」 (ID: 508772)
2026-06-28 19:24:16,546 - INFO - task:362 -   发现 1 个子任务
2026-06-28 19:24:16,560 - INFO - task:382 -     已保存子任务: 空月之歌 第十幕「道成千壑，因果异灭」_一
2026-06-28 19:24:16,562 - INFO - task:387 -   任务 空月之歌 第十幕「道成千壑，因果异灭」 处理完成
2026-06-28 19:24:17,875 - INFO - task:328 - [9/984] 正在处理: 幻友绮旅 其三「永不失效的魔法」 (ID: 508770)
2026-06-28 19:24:19,114 - INFO - task:362 -   发现 1 个子任务
2026-06-28 19:24:19,128 - INFO - task:382 -     已保存子任务: 幻友绮旅 其三「永不失效的魔法」_永不失效的魔法
2026-06-28 19:24:19,130 - INFO - task:387 -   任务 幻友绮旅 其三「永不失效的魔法」 处理完成
2026-06-28 19:24:21,069 - INFO - task:328 - [10/984] 正在处理: 幻友绮旅 其二「若你遗忘梦的入口」 (ID: 508769)
2026-06-28 19:24:22,316 - INFO - task:362 -   发现 1 个子任务
2026-06-28 19:24:22,326 - INFO - task:382 -     已保存子任务: 幻友绮旅 其二「若你遗忘梦的入口」_若你遗忘梦的入口
2026-06-28 19:24:22,327 - INFO - task:387 -   任务 幻友绮旅 其二「若你遗忘梦的入口」 处理完成
2026-06-28 19:24:24,020 - INFO - task:328 - [11/984] 正在处理: 幻友绮旅 其一「野林猪与小魔女」 (ID: 508767)
2026-06-28 19:24:25,393 - INFO - task:362 -   发现 5 个子任务
2026-06-28 19:24:25,402 - INFO - task:382 -     已保存子任务: 幻友绮旅 其一「野林猪与小魔女」_野林猪与小魔女
2026-06-28 19:24:25,405 - INFO - task:382 -     已保存子任务: 幻友绮旅 其一「野林猪与小魔女」_嘟嘟可满垒大传球
2026-06-28 19:24:25,408 - INFO - task:382 -     已保存子任务: 幻友绮旅 其一「野林猪与小魔女」_团团月桂手牵手
2026-06-28 19:24:25,411 - INFO - task:382 -     已保存子任务: 幻友绮旅 其一「野林猪与小魔女」_礼貉出逃记
2026-06-28 19:24:25,415 - INFO - task:382 -     已保存子任务: 幻友绮旅 其一「野林猪与小魔女」_猎魔演练
2026-06-28 19:24:25,416 - INFO - task:387 -   任务 幻友绮旅 其一「野林猪与小魔女」 处理完成
2026-06-28 19:24:26,578 - INFO - task:328 - [12/984] 正在处理: 魔女的课业·导引之职…？？ (ID: 508714)
2026-06-28 19:24:27,869 - INFO - task:362 -   发现 1 个子任务
2026-06-28 19:24:27,878 - INFO - task:382 -     已保存子任务: 魔女的课业·导引之职…？？_魔女的课业·导引之职…？？
2026-06-28 19:24:27,880 - INFO - task:387 -   任务 魔女的课业·导引之职…？？ 处理完成
2026-06-28 19:24:29,472 - INFO - task:328 - [13/984] 正在处理: 空月之歌 第九幕「身土坏空，五蕴识转」 (ID: 508722)
2026-06-28 19:24:30,792 - INFO - task:362 -   发现 3 个子任务
2026-06-28 19:24:30,802 - INFO - task:382 -     已保存子任务: 空月之歌 第九幕「身土坏空，五蕴识转」_一
2026-06-28 19:24:30,820 - INFO - task:382 -     已保存子任务: 空月之歌 第九幕「身土坏空，五蕴识转」_二
2026-06-28 19:24:30,833 - INFO - task:382 -     已保存子任务: 空月之歌 第九幕「身土坏空，五蕴识转」_三
2026-06-28 19:24:30,834 - INFO - task:387 -   任务 空月之歌 第九幕「身土坏空，五蕴识转」 处理完成
2026-06-28 19:24:32,481 - INFO - task:328 - [14/984] 正在处理: 魔女的课业·辩驳之题 (ID: 508715)
2026-06-28 19:24:33,700 - INFO - task:362 -   发现 1 个子任务
2026-06-28 19:24:33,706 - INFO - task:382 -     已保存子任务: 魔女的课业·辩驳之题_无法反驳的命题
2026-06-28 19:24:33,708 - INFO - task:387 -   任务 魔女的课业·辩驳之题 处理完成
2026-06-28 19:24:35,451 - INFO - task:328 - [15/984] 正在处理: 胜过白银与精金 (ID: 508721)
2026-06-28 19:24:36,707 - INFO - task:362 -   发现 4 个子任务
2026-06-28 19:24:36,713 - INFO - task:382 -     已保存子任务: 胜过白银与精金_欢腾浮岛
2026-06-28 19:24:36,718 - INFO - task:382 -     已保存子任务: 胜过白银与精金_无声剧场
2026-06-28 19:24:36,722 - INFO - task:382 -     已保存子任务: 胜过白银与精金_遗失宫殿
2026-06-28 19:24:36,727 - INFO - task:382 -     已保存子任务: 胜过白银与精金_忘忧灯塔
2026-06-28 19:24:36,729 - INFO - task:387 -   任务 胜过白银与精金 处理完成
2026-06-28 19:24:38,143 - INFO - task:328 - [16/984] 正在处理: 大众化的结局构想 (ID: 508632)
2026-06-28 19:24:39,445 - INFO - task:362 -   发现 1 个子任务
2026-06-28 19:24:39,448 - INFO - task:382 -     已保存子任务: 大众化的结局构想_大众化的结局构想
2026-06-28 19:24:39,450 - INFO - task:387 -   任务 大众化的结局构想 处理完成
2026-06-28 19:24:41,061 - INFO - task:328 - [17/984] 正在处理: 激烈的开端理论 (ID: 508631)
2026-06-28 19:24:42,358 - INFO - task:362 -   发现 1 个子任务
2026-06-28 19:24:42,365 - INFO - task:382 -     已保存子任务: 激烈的开端理论_激烈的开端理论
2026-06-28 19:24:42,366 - INFO - task:387 -   任务 激烈的开端理论 处理完成
2026-06-28 19:24:44,033 - INFO - task:328 - [18/984] 正在处理: 礁与浪的相逢 其三「留给孩子们的『玩具』」 (ID: 508561)
2026-06-28 19:24:45,265 - INFO - task:362 -   发现 1 个子任务
2026-06-28 19:24:45,272 - INFO - task:382 -     已保存子任务: 礁与浪的相逢 其三「留给孩子们的『玩具』」_留给孩子们的「玩具」
2026-06-28 19:24:45,274 - INFO - task:387 -   任务 礁与浪的相逢 其三「留给孩子们的『玩具』」 处理完成
2026-06-28 19:24:46,385 - INFO - task:328 - [19/984] 正在处理: 返乡吧，来自沙漠的孩子们 (ID: 508520)
2026-06-28 19:24:47,619 - INFO - task:362 -   发现 1 个子任务
2026-06-28 19:24:47,624 - INFO - task:382 -     已保存子任务: 返乡吧，来自沙漠的孩子们_返乡吧，来自沙漠的孩子们
2026-06-28 19:24:47,625 - INFO - task:387 -   任务 返乡吧，来自沙漠的孩子们 处理完成
2026-06-28 19:24:49,545 - INFO - task:328 - [20/984] 正在处理: 礁与浪的相逢 其二「枪弹与丝线的合围」 (ID: 508519)
2026-06-28 19:24:50,799 - INFO - task:362 -   发现 1 个子任务
2026-06-28 19:24:50,807 - INFO - task:382 -     已保存子任务: 礁与浪的相逢 其二「枪弹与丝线的合围」_枪弹与丝线的合围
2026-06-28 19:24:50,808 - INFO - task:387 -   任务 礁与浪的相逢 其二「枪弹与丝线的合围」 处理完成
2026-06-28 19:24:51,846 - INFO - task:395 - 所有任务均已完整爬取，无缺失
2026-06-28 19:24:51,846 - INFO - task:402 - 爬取报告已保存至 logs\crawl_report.json
2026-06-28 19:24:51,846 - INFO - task:406 - 任务模块测试完成！
